2015-04-26 17:52:49,470 - E:\workspace\sms-demo\src\httpMonitor.py - httpMonitor.py - [line:40] - ERROR - 访问异常,访问返回错误码：106和期望的错误码107不符
2015-04-26 17:52:51,064 - E:\workspace\sms-demo\src\httpMonitor.py - httpMonitor.py - [line:40] - ERROR - 访问异常,访问返回错误码：106和期望的错误码107不符
2015-04-26 17:53:55,048 - E:\workspace\sms-demo\src\httpMonitor.py - httpMonitor.py - [line:40] - ERROR - 访问异常,访问返回错误码：106和期望的错误码107不符
2015-04-26 17:54:00,142 - E:\workspace\sms-demo\src\httpMonitor.py - httpMonitor.py - [line:40] - ERROR - 访问异常,访问返回错误码：106和期望的错误码107不符
2015-04-26 21:39:30,991 - E:\workspace\sms-demo\src\httpMonitor.py - httpMonitor.py - [line:40] - ERROR - 访问异常,访问返回错误码：106和期望的错误码107不符
2015-04-26 21:39:36,084 - E:\workspace\sms-demo\src\httpMonitor.py - httpMonitor.py - [line:40] - ERROR - 访问异常,访问返回错误码：106和期望的错误码107不符
2015-04-26 21:39:41,178 - E:\workspace\sms-demo\src\httpMonitor.py - httpMonitor.py - [line:40] - ERROR - 访问异常,访问返回错误码：106和期望的错误码107不符
2015-04-26 21:41:25,990 - E:\workspace\sms-demo\src\httpMonitor.py - httpMonitor.py - [line:40] - ERROR - 访问异常,访问返回错误码：106和期望的错误码107不符
2015-04-26 21:41:31,084 - E:\workspace\sms-demo\src\httpMonitor.py - httpMonitor.py - [line:40] - ERROR - 访问异常,访问返回错误码：106和期望的错误码107不符
2015-04-26 21:41:36,162 - E:\workspace\sms-demo\src\httpMonitor.py - httpMonitor.py - [line:40] - ERROR - 访问异常,访问返回错误码：106和期望的错误码107不符
2015-04-26 21:41:41,255 - E:\workspace\sms-demo\src\httpMonitor.py - httpMonitor.py - [line:40] - ERROR - 访问异常,访问返回错误码：106和期望的错误码107不符
2015-04-26 21:41:46,333 - E:\workspace\sms-demo\src\httpMonitor.py - httpMonitor.py - [line:40] - ERROR - 访问异常,访问返回错误码：106和期望的错误码107不符
2015-04-26 21:41:51,427 - E:\workspace\sms-demo\src\httpMonitor.py - httpMonitor.py - [line:40] - ERROR - 访问异常,访问返回错误码：106和期望的错误码107不符
2015-04-26 21:41:56,521 - E:\workspace\sms-demo\src\httpMonitor.py - httpMonitor.py - [line:40] - ERROR - 访问异常,访问返回错误码：106和期望的错误码107不符
2015-04-26 21:42:01,630 - E:\workspace\sms-demo\src\httpMonitor.py - httpMonitor.py - [line:40] - ERROR - 访问异常,访问返回错误码：106和期望的错误码107不符
2015-04-26 21:42:06,708 - E:\workspace\sms-demo\src\httpMonitor.py - httpMonitor.py - [line:40] - ERROR - 访问异常,访问返回错误码：106和期望的错误码107不符
2015-04-26 21:42:11,802 - E:\workspace\sms-demo\src\httpMonitor.py - httpMonitor.py - [line:40] - ERROR - 访问异常,访问返回错误码：106和期望的错误码107不符
2015-04-26 21:42:16,896 - E:\workspace\sms-demo\src\httpMonitor.py - httpMonitor.py - [line:40] - ERROR - 访问异常,访问返回错误码：106和期望的错误码107不符
2015-04-26 21:42:21,974 - E:\workspace\sms-demo\src\httpMonitor.py - httpMonitor.py - [line:40] - ERROR - 访问异常,访问返回错误码：106和期望的错误码107不符
2015-04-26 21:42:27,068 - E:\workspace\sms-demo\src\httpMonitor.py - httpMonitor.py - [line:40] - ERROR - 访问异常,访问返回错误码：106和期望的错误码107不符
2015-04-26 21:42:32,161 - E:\workspace\sms-demo\src\httpMonitor.py - httpMonitor.py - [line:40] - ERROR - 访问异常,访问返回错误码：106和期望的错误码107不符
2015-04-26 21:42:37,239 - E:\workspace\sms-demo\src\httpMonitor.py - httpMonitor.py - [line:40] - ERROR - 访问异常,访问返回错误码：106和期望的错误码107不符
2015-04-26 21:42:42,333 - E:\workspace\sms-demo\src\httpMonitor.py - httpMonitor.py - [line:40] - ERROR - 访问异常,访问返回错误码：106和期望的错误码107不符
2015-04-26 21:42:47,427 - E:\workspace\sms-demo\src\httpMonitor.py - httpMonitor.py - [line:40] - ERROR - 访问异常,访问返回错误码：106和期望的错误码107不符
2015-04-26 21:42:52,505 - E:\workspace\sms-demo\src\httpMonitor.py - httpMonitor.py - [line:40] - ERROR - 访问异常,访问返回错误码：106和期望的错误码107不符
2015-04-26 21:42:57,599 - E:\workspace\sms-demo\src\httpMonitor.py - httpMonitor.py - [line:40] - ERROR - 访问异常,访问返回错误码：106和期望的错误码107不符
2015-04-26 21:43:02,692 - E:\workspace\sms-demo\src\httpMonitor.py - httpMonitor.py - [line:40] - ERROR - 访问异常,访问返回错误码：106和期望的错误码107不符
2015-04-26 21:43:07,786 - E:\workspace\sms-demo\src\httpMonitor.py - httpMonitor.py - [line:40] - ERROR - 访问异常,访问返回错误码：106和期望的错误码107不符
2015-04-26 21:43:12,880 - E:\workspace\sms-demo\src\httpMonitor.py - httpMonitor.py - [line:40] - ERROR - 访问异常,访问返回错误码：106和期望的错误码107不符
2015-04-26 21:43:17,958 - E:\workspace\sms-demo\src\httpMonitor.py - httpMonitor.py - [line:40] - ERROR - 访问异常,访问返回错误码：106和期望的错误码107不符
2015-04-26 21:43:23,052 - E:\workspace\sms-demo\src\httpMonitor.py - httpMonitor.py - [line:40] - ERROR - 访问异常,访问返回错误码：106和期望的错误码107不符
2015-04-26 21:43:28,145 - E:\workspace\sms-demo\src\httpMonitor.py - httpMonitor.py - [line:40] - ERROR - 访问异常,访问返回错误码：106和期望的错误码107不符
2015-04-26 21:43:33,239 - E:\workspace\sms-demo\src\httpMonitor.py - httpMonitor.py - [line:40] - ERROR - 访问异常,访问返回错误码：106和期望的错误码107不符
2015-04-26 21:43:38,333 - E:\workspace\sms-demo\src\httpMonitor.py - httpMonitor.py - [line:40] - ERROR - 访问异常,访问返回错误码：106和期望的错误码107不符
2015-04-26 21:43:43,426 - E:\workspace\sms-demo\src\httpMonitor.py - httpMonitor.py - [line:40] - ERROR - 访问异常,访问返回错误码：106和期望的错误码107不符
2015-04-26 21:43:48,505 - E:\workspace\sms-demo\src\httpMonitor.py - httpMonitor.py - [line:40] - ERROR - 访问异常,访问返回错误码：106和期望的错误码107不符
2015-04-26 21:43:53,598 - E:\workspace\sms-demo\src\httpMonitor.py - httpMonitor.py - [line:40] - ERROR - 访问异常,访问返回错误码：106和期望的错误码107不符
2015-04-26 21:43:58,692 - E:\workspace\sms-demo\src\httpMonitor.py - httpMonitor.py - [line:40] - ERROR - 访问异常,访问返回错误码：106和期望的错误码107不符
2015-04-26 21:44:03,770 - E:\workspace\sms-demo\src\httpMonitor.py - httpMonitor.py - [line:40] - ERROR - 访问异常,访问返回错误码：106和期望的错误码107不符
2015-04-26 21:44:08,864 - E:\workspace\sms-demo\src\httpMonitor.py - httpMonitor.py - [line:40] - ERROR - 访问异常,访问返回错误码：106和期望的错误码107不符
2015-04-26 21:44:13,957 - E:\workspace\sms-demo\src\httpMonitor.py - httpMonitor.py - [line:40] - ERROR - 访问异常,访问返回错误码：106和期望的错误码107不符
2015-04-26 21:44:19,036 - E:\workspace\sms-demo\src\httpMonitor.py - httpMonitor.py - [line:40] - ERROR - 访问异常,访问返回错误码：106和期望的错误码107不符
2015-04-26 21:44:24,129 - E:\workspace\sms-demo\src\httpMonitor.py - httpMonitor.py - [line:40] - ERROR - 访问异常,访问返回错误码：106和期望的错误码107不符
2015-04-26 21:44:29,207 - E:\workspace\sms-demo\src\httpMonitor.py - httpMonitor.py - [line:40] - ERROR - 访问异常,访问返回错误码：106和期望的错误码107不符
2015-04-26 21:44:34,301 - E:\workspace\sms-demo\src\httpMonitor.py - httpMonitor.py - [line:40] - ERROR - 访问异常,访问返回错误码：106和期望的错误码107不符
2015-04-26 21:44:39,395 - E:\workspace\sms-demo\src\httpMonitor.py - httpMonitor.py - [line:40] - ERROR - 访问异常,访问返回错误码：106和期望的错误码107不符
2015-04-26 21:44:44,535 - E:\workspace\sms-demo\src\httpMonitor.py - httpMonitor.py - [line:40] - ERROR - 访问异常,访问返回错误码：106和期望的错误码107不符
2015-04-26 21:44:49,614 - E:\workspace\sms-demo\src\httpMonitor.py - httpMonitor.py - [line:40] - ERROR - 访问异常,访问返回错误码：106和期望的错误码107不符
2015-04-26 21:44:54,707 - E:\workspace\sms-demo\src\httpMonitor.py - httpMonitor.py - [line:40] - ERROR - 访问异常,访问返回错误码：106和期望的错误码107不符
2015-04-26 21:44:59,801 - E:\workspace\sms-demo\src\httpMonitor.py - httpMonitor.py - [line:40] - ERROR - 访问异常,访问返回错误码：106和期望的错误码107不符
2015-04-26 21:45:04,879 - E:\workspace\sms-demo\src\httpMonitor.py - httpMonitor.py - [line:40] - ERROR - 访问异常,访问返回错误码：106和期望的错误码107不符
2015-04-26 21:45:09,973 - E:\workspace\sms-demo\src\httpMonitor.py - httpMonitor.py - [line:40] - ERROR - 访问异常,访问返回错误码：106和期望的错误码107不符
2015-04-26 21:45:15,066 - E:\workspace\sms-demo\src\httpMonitor.py - httpMonitor.py - [line:40] - ERROR - 访问异常,访问返回错误码：106和期望的错误码107不符
2015-04-26 21:45:20,160 - E:\workspace\sms-demo\src\httpMonitor.py - httpMonitor.py - [line:40] - ERROR - 访问异常,访问返回错误码：106和期望的错误码107不符
2015-04-26 21:45:25,254 - E:\workspace\sms-demo\src\httpMonitor.py - httpMonitor.py - [line:40] - ERROR - 访问异常,访问返回错误码：106和期望的错误码107不符
2015-04-26 21:45:30,332 - E:\workspace\sms-demo\src\httpMonitor.py - httpMonitor.py - [line:40] - ERROR - 访问异常,访问返回错误码：106和期望的错误码107不符
2015-04-26 21:45:35,426 - E:\workspace\sms-demo\src\httpMonitor.py - httpMonitor.py - [line:40] - ERROR - 访问异常,访问返回错误码：106和期望的错误码107不符
2015-04-26 21:45:40,504 - E:\workspace\sms-demo\src\httpMonitor.py - httpMonitor.py - [line:40] - ERROR - 访问异常,访问返回错误码：106和期望的错误码107不符
2015-04-26 21:45:45,598 - E:\workspace\sms-demo\src\httpMonitor.py - httpMonitor.py - [line:40] - ERROR - 访问异常,访问返回错误码：106和期望的错误码107不符
2015-04-26 21:45:50,676 - E:\workspace\sms-demo\src\httpMonitor.py - httpMonitor.py - [line:40] - ERROR - 访问异常,访问返回错误码：106和期望的错误码107不符
2015-04-26 21:45:55,785 - E:\workspace\sms-demo\src\httpMonitor.py - httpMonitor.py - [line:40] - ERROR - 访问异常,访问返回错误码：106和期望的错误码107不符
2015-04-26 21:46:00,863 - E:\workspace\sms-demo\src\httpMonitor.py - httpMonitor.py - [line:40] - ERROR - 访问异常,访问返回错误码：106和期望的错误码107不符
2015-04-26 21:46:08,910 - E:\workspace\sms-demo\src\httpMonitor.py - httpMonitor.py - [line:40] - ERROR - 访问异常,访问返回错误码：106和期望的错误码107不符
2015-04-26 21:46:13,988 - E:\workspace\sms-demo\src\httpMonitor.py - httpMonitor.py - [line:40] - ERROR - 访问异常,访问返回错误码：106和期望的错误码107不符
2015-04-26 21:46:19,316 - E:\workspace\sms-demo\src\httpMonitor.py - httpMonitor.py - [line:40] - ERROR - 访问异常,访问返回错误码：106和期望的错误码107不符
2015-04-26 21:46:24,425 - E:\workspace\sms-demo\src\httpMonitor.py - httpMonitor.py - [line:40] - ERROR - 访问异常,访问返回错误码：106和期望的错误码107不符
2015-04-26 21:46:29,504 - E:\workspace\sms-demo\src\httpMonitor.py - httpMonitor.py - [line:40] - ERROR - 访问异常,访问返回错误码：106和期望的错误码107不符
2015-04-26 21:46:34,582 - E:\workspace\sms-demo\src\httpMonitor.py - httpMonitor.py - [line:40] - ERROR - 访问异常,访问返回错误码：106和期望的错误码107不符
2015-04-26 21:46:39,691 - E:\workspace\sms-demo\src\httpMonitor.py - httpMonitor.py - [line:40] - ERROR - 访问异常,访问返回错误码：106和期望的错误码107不符
2015-04-26 21:46:44,785 - E:\workspace\sms-demo\src\httpMonitor.py - httpMonitor.py - [line:40] - ERROR - 访问异常,访问返回错误码：106和期望的错误码107不符
2015-04-26 21:46:49,878 - E:\workspace\sms-demo\src\httpMonitor.py - httpMonitor.py - [line:40] - ERROR - 访问异常,访问返回错误码：106和期望的错误码107不符
2015-04-26 21:46:54,972 - E:\workspace\sms-demo\src\httpMonitor.py - httpMonitor.py - [line:40] - ERROR - 访问异常,访问返回错误码：106和期望的错误码107不符
2015-04-26 21:47:00,050 - E:\workspace\sms-demo\src\httpMonitor.py - httpMonitor.py - [line:40] - ERROR - 访问异常,访问返回错误码：106和期望的错误码107不符
2015-04-26 21:47:05,144 - E:\workspace\sms-demo\src\httpMonitor.py - httpMonitor.py - [line:40] - ERROR - 访问异常,访问返回错误码：106和期望的错误码107不符
2015-04-26 21:47:10,222 - E:\workspace\sms-demo\src\httpMonitor.py - httpMonitor.py - [line:40] - ERROR - 访问异常,访问返回错误码：106和期望的错误码107不符
2015-04-26 21:47:15,316 - E:\workspace\sms-demo\src\httpMonitor.py - httpMonitor.py - [line:40] - ERROR - 访问异常,访问返回错误码：106和期望的错误码107不符
2015-04-26 21:47:20,394 - E:\workspace\sms-demo\src\httpMonitor.py - httpMonitor.py - [line:40] - ERROR - 访问异常,访问返回错误码：106和期望的错误码107不符
2015-04-26 21:47:25,488 - E:\workspace\sms-demo\src\httpMonitor.py - httpMonitor.py - [line:40] - ERROR - 访问异常,访问返回错误码：106和期望的错误码107不符
2015-04-26 21:47:30,566 - E:\workspace\sms-demo\src\httpMonitor.py - httpMonitor.py - [line:40] - ERROR - 访问异常,访问返回错误码：106和期望的错误码107不符
2015-04-26 21:47:35,675 - E:\workspace\sms-demo\src\httpMonitor.py - httpMonitor.py - [line:40] - ERROR - 访问异常,访问返回错误码：106和期望的错误码107不符
2015-04-26 21:47:40,769 - E:\workspace\sms-demo\src\httpMonitor.py - httpMonitor.py - [line:40] - ERROR - 访问异常,访问返回错误码：106和期望的错误码107不符
2015-04-26 21:47:45,862 - E:\workspace\sms-demo\src\httpMonitor.py - httpMonitor.py - [line:40] - ERROR - 访问异常,访问返回错误码：106和期望的错误码107不符
2015-04-26 21:47:50,956 - E:\workspace\sms-demo\src\httpMonitor.py - httpMonitor.py - [line:40] - ERROR - 访问异常,访问返回错误码：106和期望的错误码107不符
2015-04-26 21:47:56,034 - E:\workspace\sms-demo\src\httpMonitor.py - httpMonitor.py - [line:40] - ERROR - 访问异常,访问返回错误码：106和期望的错误码107不符
2015-04-26 21:48:01,128 - E:\workspace\sms-demo\src\httpMonitor.py - httpMonitor.py - [line:40] - ERROR - 访问异常,访问返回错误码：106和期望的错误码107不符
2015-04-26 21:48:06,222 - E:\workspace\sms-demo\src\httpMonitor.py - httpMonitor.py - [line:40] - ERROR - 访问异常,访问返回错误码：106和期望的错误码107不符
2015-04-26 21:48:11,300 - E:\workspace\sms-demo\src\httpMonitor.py - httpMonitor.py - [line:40] - ERROR - 访问异常,访问返回错误码：106和期望的错误码107不符
2015-04-26 21:48:16,409 - E:\workspace\sms-demo\src\httpMonitor.py - httpMonitor.py - [line:40] - ERROR - 访问异常,访问返回错误码：106和期望的错误码107不符
2015-04-26 21:48:21,487 - E:\workspace\sms-demo\src\httpMonitor.py - httpMonitor.py - [line:40] - ERROR - 访问异常,访问返回错误码：106和期望的错误码107不符
2015-04-26 21:48:26,581 - E:\workspace\sms-demo\src\httpMonitor.py - httpMonitor.py - [line:40] - ERROR - 访问异常,访问返回错误码：106和期望的错误码107不符
2015-04-26 21:48:31,675 - E:\workspace\sms-demo\src\httpMonitor.py - httpMonitor.py - [line:40] - ERROR - 访问异常,访问返回错误码：106和期望的错误码107不符
2015-04-26 21:48:36,784 - E:\workspace\sms-demo\src\httpMonitor.py - httpMonitor.py - [line:40] - ERROR - 访问异常,访问返回错误码：106和期望的错误码107不符
2015-04-26 21:48:41,878 - E:\workspace\sms-demo\src\httpMonitor.py - httpMonitor.py - [line:40] - ERROR - 访问异常,访问返回错误码：106和期望的错误码107不符
2015-04-26 21:48:46,956 - E:\workspace\sms-demo\src\httpMonitor.py - httpMonitor.py - [line:40] - ERROR - 访问异常,访问返回错误码：106和期望的错误码107不符
2015-04-26 21:48:52,049 - E:\workspace\sms-demo\src\httpMonitor.py - httpMonitor.py - [line:40] - ERROR - 访问异常,访问返回错误码：106和期望的错误码107不符
2015-04-26 21:48:57,143 - E:\workspace\sms-demo\src\httpMonitor.py - httpMonitor.py - [line:40] - ERROR - 访问异常,访问返回错误码：106和期望的错误码107不符
2015-04-26 21:49:02,221 - E:\workspace\sms-demo\src\httpMonitor.py - httpMonitor.py - [line:40] - ERROR - 访问异常,访问返回错误码：106和期望的错误码107不符
2015-04-26 21:49:07,315 - E:\workspace\sms-demo\src\httpMonitor.py - httpMonitor.py - [line:40] - ERROR - 访问异常,访问返回错误码：106和期望的错误码107不符
2015-04-26 21:49:12,393 - E:\workspace\sms-demo\src\httpMonitor.py - httpMonitor.py - [line:40] - ERROR - 访问异常,访问返回错误码：106和期望的错误码107不符
2015-04-26 21:49:17,487 - E:\workspace\sms-demo\src\httpMonitor.py - httpMonitor.py - [line:40] - ERROR - 访问异常,访问返回错误码：106和期望的错误码107不符
2015-04-26 21:49:22,581 - E:\workspace\sms-demo\src\httpMonitor.py - httpMonitor.py - [line:40] - ERROR - 访问异常,访问返回错误码：106和期望的错误码107不符
2015-04-26 21:49:27,674 - E:\workspace\sms-demo\src\httpMonitor.py - httpMonitor.py - [line:40] - ERROR - 访问异常,访问返回错误码：106和期望的错误码107不符
2015-04-26 21:49:32,768 - E:\workspace\sms-demo\src\httpMonitor.py - httpMonitor.py - [line:40] - ERROR - 访问异常,访问返回错误码：106和期望的错误码107不符
2015-04-26 21:49:37,862 - E:\workspace\sms-demo\src\httpMonitor.py - httpMonitor.py - [line:40] - ERROR - 访问异常,访问返回错误码：106和期望的错误码107不符
2015-04-26 21:49:43,159 - E:\workspace\sms-demo\src\httpMonitor.py - httpMonitor.py - [line:40] - ERROR - 访问异常,访问返回错误码：106和期望的错误码107不符
2015-04-26 21:49:48,252 - E:\workspace\sms-demo\src\httpMonitor.py - httpMonitor.py - [line:40] - ERROR - 访问异常,访问返回错误码：106和期望的错误码107不符
2015-04-26 21:49:53,346 - E:\workspace\sms-demo\src\httpMonitor.py - httpMonitor.py - [line:40] - ERROR - 访问异常,访问返回错误码：106和期望的错误码107不符
2015-04-26 21:49:58,440 - E:\workspace\sms-demo\src\httpMonitor.py - httpMonitor.py - [line:40] - ERROR - 访问异常,访问返回错误码：106和期望的错误码107不符
2015-04-26 21:50:03,518 - E:\workspace\sms-demo\src\httpMonitor.py - httpMonitor.py - [line:40] - ERROR - 访问异常,访问返回错误码：106和期望的错误码107不符
2015-04-26 21:50:08,611 - E:\workspace\sms-demo\src\httpMonitor.py - httpMonitor.py - [line:40] - ERROR - 访问异常,访问返回错误码：106和期望的错误码107不符
2015-04-26 21:50:13,705 - E:\workspace\sms-demo\src\httpMonitor.py - httpMonitor.py - [line:40] - ERROR - 访问异常,访问返回错误码：106和期望的错误码107不符
2015-04-26 21:50:18,799 - E:\workspace\sms-demo\src\httpMonitor.py - httpMonitor.py - [line:40] - ERROR - 访问异常,访问返回错误码：106和期望的错误码107不符
2015-04-26 21:50:23,893 - E:\workspace\sms-demo\src\httpMonitor.py - httpMonitor.py - [line:40] - ERROR - 访问异常,访问返回错误码：106和期望的错误码107不符
2015-04-26 21:50:28,971 - E:\workspace\sms-demo\src\httpMonitor.py - httpMonitor.py - [line:40] - ERROR - 访问异常,访问返回错误码：106和期望的错误码107不符
2015-04-26 21:50:37,064 - E:\workspace\sms-demo\src\httpMonitor.py - httpMonitor.py - [line:40] - ERROR - 访问异常,访问返回错误码：106和期望的错误码107不符
2015-04-26 21:50:42,158 - E:\workspace\sms-demo\src\httpMonitor.py - httpMonitor.py - [line:40] - ERROR - 访问异常,访问返回错误码：106和期望的错误码107不符
2015-04-26 21:50:47,236 - E:\workspace\sms-demo\src\httpMonitor.py - httpMonitor.py - [line:40] - ERROR - 访问异常,访问返回错误码：106和期望的错误码107不符
2015-04-26 21:50:52,330 - E:\workspace\sms-demo\src\httpMonitor.py - httpMonitor.py - [line:40] - ERROR - 访问异常,访问返回错误码：106和期望的错误码107不符
2015-04-26 21:50:57,408 - E:\workspace\sms-demo\src\httpMonitor.py - httpMonitor.py - [line:40] - ERROR - 访问异常,访问返回错误码：106和期望的错误码107不符
2015-04-26 21:51:02,549 - E:\workspace\sms-demo\src\httpMonitor.py - httpMonitor.py - [line:40] - ERROR - 访问异常,访问返回错误码：106和期望的错误码107不符
2015-04-26 21:51:07,642 - E:\workspace\sms-demo\src\httpMonitor.py - httpMonitor.py - [line:40] - ERROR - 访问异常,访问返回错误码：106和期望的错误码107不符
2015-04-26 21:51:12,814 - E:\workspace\sms-demo\src\httpMonitor.py - httpMonitor.py - [line:40] - ERROR - 访问异常,访问返回错误码：106和期望的错误码107不符
2015-04-26 21:51:17,908 - E:\workspace\sms-demo\src\httpMonitor.py - httpMonitor.py - [line:40] - ERROR - 访问异常,访问返回错误码：106和期望的错误码107不符
2015-04-26 21:51:23,002 - E:\workspace\sms-demo\src\httpMonitor.py - httpMonitor.py - [line:40] - ERROR - 访问异常,访问返回错误码：106和期望的错误码107不符
2015-04-26 21:51:28,080 - E:\workspace\sms-demo\src\httpMonitor.py - httpMonitor.py - [line:40] - ERROR - 访问异常,访问返回错误码：106和期望的错误码107不符
2015-04-26 21:51:33,173 - E:\workspace\sms-demo\src\httpMonitor.py - httpMonitor.py - [line:40] - ERROR - 访问异常,访问返回错误码：106和期望的错误码107不符
2015-04-26 21:51:38,267 - E:\workspace\sms-demo\src\httpMonitor.py - httpMonitor.py - [line:40] - ERROR - 访问异常,访问返回错误码：106和期望的错误码107不符
2015-04-26 21:51:43,345 - E:\workspace\sms-demo\src\httpMonitor.py - httpMonitor.py - [line:40] - ERROR - 访问异常,访问返回错误码：106和期望的错误码107不符
2015-04-26 21:51:48,439 - E:\workspace\sms-demo\src\httpMonitor.py - httpMonitor.py - [line:40] - ERROR - 访问异常,访问返回错误码：106和期望的错误码107不符
2015-04-26 21:51:53,533 - E:\workspace\sms-demo\src\httpMonitor.py - httpMonitor.py - [line:40] - ERROR - 访问异常,访问返回错误码：106和期望的错误码107不符
2015-04-26 21:51:58,611 - E:\workspace\sms-demo\src\httpMonitor.py - httpMonitor.py - [line:40] - ERROR - 访问异常,访问返回错误码：106和期望的错误码107不符
2015-04-26 21:52:03,704 - E:\workspace\sms-demo\src\httpMonitor.py - httpMonitor.py - [line:40] - ERROR - 访问异常,访问返回错误码：106和期望的错误码107不符
2015-04-26 21:52:08,798 - E:\workspace\sms-demo\src\httpMonitor.py - httpMonitor.py - [line:40] - ERROR - 访问异常,访问返回错误码：106和期望的错误码107不符
2015-04-26 21:52:13,892 - E:\workspace\sms-demo\src\httpMonitor.py - httpMonitor.py - [line:40] - ERROR - 访问异常,访问返回错误码：106和期望的错误码107不符
2015-04-26 21:52:18,986 - E:\workspace\sms-demo\src\httpMonitor.py - httpMonitor.py - [line:40] - ERROR - 访问异常,访问返回错误码：106和期望的错误码107不符
2015-04-26 21:52:24,064 - E:\workspace\sms-demo\src\httpMonitor.py - httpMonitor.py - [line:40] - ERROR - 访问异常,访问返回错误码：106和期望的错误码107不符
2015-04-26 21:52:29,157 - E:\workspace\sms-demo\src\httpMonitor.py - httpMonitor.py - [line:40] - ERROR - 访问异常,访问返回错误码：106和期望的错误码107不符
2015-04-26 21:52:34,236 - E:\workspace\sms-demo\src\httpMonitor.py - httpMonitor.py - [line:40] - ERROR - 访问异常,访问返回错误码：106和期望的错误码107不符
2015-04-26 21:52:39,329 - E:\workspace\sms-demo\src\httpMonitor.py - httpMonitor.py - [line:40] - ERROR - 访问异常,访问返回错误码：106和期望的错误码107不符
2015-04-26 21:52:44,407 - E:\workspace\sms-demo\src\httpMonitor.py - httpMonitor.py - [line:40] - ERROR - 访问异常,访问返回错误码：106和期望的错误码107不符
2015-04-26 21:52:49,501 - E:\workspace\sms-demo\src\httpMonitor.py - httpMonitor.py - [line:40] - ERROR - 访问异常,访问返回错误码：106和期望的错误码107不符
2015-04-26 21:52:54,579 - E:\workspace\sms-demo\src\httpMonitor.py - httpMonitor.py - [line:40] - ERROR - 访问异常,访问返回错误码：106和期望的错误码107不符
2015-04-26 21:52:59,673 - E:\workspace\sms-demo\src\httpMonitor.py - httpMonitor.py - [line:40] - ERROR - 访问异常,访问返回错误码：106和期望的错误码107不符
2015-04-26 21:53:04,767 - E:\workspace\sms-demo\src\httpMonitor.py - httpMonitor.py - [line:40] - ERROR - 访问异常,访问返回错误码：106和期望的错误码107不符
2015-04-26 21:53:09,860 - E:\workspace\sms-demo\src\httpMonitor.py - httpMonitor.py - [line:40] - ERROR - 访问异常,访问返回错误码：106和期望的错误码107不符
2015-04-26 21:53:15,001 - E:\workspace\sms-demo\src\httpMonitor.py - httpMonitor.py - [line:40] - ERROR - 访问异常,访问返回错误码：106和期望的错误码107不符
2015-04-26 21:53:20,095 - E:\workspace\sms-demo\src\httpMonitor.py - httpMonitor.py - [line:40] - ERROR - 访问异常,访问返回错误码：106和期望的错误码107不符
2015-04-26 21:53:25,173 - E:\workspace\sms-demo\src\httpMonitor.py - httpMonitor.py - [line:40] - ERROR - 访问异常,访问返回错误码：106和期望的错误码107不符
2015-04-26 21:53:30,266 - E:\workspace\sms-demo\src\httpMonitor.py - httpMonitor.py - [line:40] - ERROR - 访问异常,访问返回错误码：106和期望的错误码107不符
2015-04-26 21:53:35,345 - E:\workspace\sms-demo\src\httpMonitor.py - httpMonitor.py - [line:40] - ERROR - 访问异常,访问返回错误码：106和期望的错误码107不符
2015-04-26 21:53:40,438 - E:\workspace\sms-demo\src\httpMonitor.py - httpMonitor.py - [line:40] - ERROR - 访问异常,访问返回错误码：106和期望的错误码107不符
2015-04-26 21:53:45,516 - E:\workspace\sms-demo\src\httpMonitor.py - httpMonitor.py - [line:40] - ERROR - 访问异常,访问返回错误码：106和期望的错误码107不符
2015-04-26 21:53:50,610 - E:\workspace\sms-demo\src\httpMonitor.py - httpMonitor.py - [line:40] - ERROR - 访问异常,访问返回错误码：106和期望的错误码107不符
2015-04-26 21:53:55,704 - E:\workspace\sms-demo\src\httpMonitor.py - httpMonitor.py - [line:40] - ERROR - 访问异常,访问返回错误码：106和期望的错误码107不符
2015-04-26 21:54:00,797 - E:\workspace\sms-demo\src\httpMonitor.py - httpMonitor.py - [line:40] - ERROR - 访问异常,访问返回错误码：106和期望的错误码107不符
2015-04-26 21:54:05,876 - E:\workspace\sms-demo\src\httpMonitor.py - httpMonitor.py - [line:40] - ERROR - 访问异常,访问返回错误码：106和期望的错误码107不符
2015-04-26 21:54:10,969 - E:\workspace\sms-demo\src\httpMonitor.py - httpMonitor.py - [line:40] - ERROR - 访问异常,访问返回错误码：106和期望的错误码107不符
2015-04-26 21:54:16,047 - E:\workspace\sms-demo\src\httpMonitor.py - httpMonitor.py - [line:40] - ERROR - 访问异常,访问返回错误码：106和期望的错误码107不符
2015-04-26 21:54:21,141 - E:\workspace\sms-demo\src\httpMonitor.py - httpMonitor.py - [line:40] - ERROR - 访问异常,访问返回错误码：106和期望的错误码107不符
2015-04-26 21:54:26,219 - E:\workspace\sms-demo\src\httpMonitor.py - httpMonitor.py - [line:40] - ERROR - 访问异常,访问返回错误码：106和期望的错误码107不符
2015-04-26 21:54:31,313 - E:\workspace\sms-demo\src\httpMonitor.py - httpMonitor.py - [line:40] - ERROR - 访问异常,访问返回错误码：106和期望的错误码107不符
2015-04-26 21:54:36,391 - E:\workspace\sms-demo\src\httpMonitor.py - httpMonitor.py - [line:40] - ERROR - 访问异常,访问返回错误码：106和期望的错误码107不符
2015-04-26 21:54:41,485 - E:\workspace\sms-demo\src\httpMonitor.py - httpMonitor.py - [line:40] - ERROR - 访问异常,访问返回错误码：106和期望的错误码107不符
2015-04-26 21:54:46,563 - E:\workspace\sms-demo\src\httpMonitor.py - httpMonitor.py - [line:40] - ERROR - 访问异常,访问返回错误码：106和期望的错误码107不符
2015-04-26 21:54:51,657 - E:\workspace\sms-demo\src\httpMonitor.py - httpMonitor.py - [line:40] - ERROR - 访问异常,访问返回错误码：106和期望的错误码107不符
2015-04-26 21:54:56,750 - E:\workspace\sms-demo\src\httpMonitor.py - httpMonitor.py - [line:40] - ERROR - 访问异常,访问返回错误码：106和期望的错误码107不符
2015-04-26 21:55:01,844 - E:\workspace\sms-demo\src\httpMonitor.py - httpMonitor.py - [line:40] - ERROR - 访问异常,访问返回错误码：106和期望的错误码107不符
2015-04-26 21:55:06,938 - E:\workspace\sms-demo\src\httpMonitor.py - httpMonitor.py - [line:40] - ERROR - 访问异常,访问返回错误码：106和期望的错误码107不符
2015-04-26 21:55:12,016 - E:\workspace\sms-demo\src\httpMonitor.py - httpMonitor.py - [line:40] - ERROR - 访问异常,访问返回错误码：106和期望的错误码107不符
2015-04-26 21:55:17,110 - E:\workspace\sms-demo\src\httpMonitor.py - httpMonitor.py - [line:40] - ERROR - 访问异常,访问返回错误码：106和期望的错误码107不符
2015-04-26 21:55:22,188 - E:\workspace\sms-demo\src\httpMonitor.py - httpMonitor.py - [line:40] - ERROR - 访问异常,访问返回错误码：106和期望的错误码107不符
2015-04-26 21:55:27,281 - E:\workspace\sms-demo\src\httpMonitor.py - httpMonitor.py - [line:40] - ERROR - 访问异常,访问返回错误码：106和期望的错误码107不符
2015-04-26 21:55:32,375 - E:\workspace\sms-demo\src\httpMonitor.py - httpMonitor.py - [line:40] - ERROR - 访问异常,访问返回错误码：106和期望的错误码107不符
2015-04-26 21:55:37,453 - E:\workspace\sms-demo\src\httpMonitor.py - httpMonitor.py - [line:40] - ERROR - 访问异常,访问返回错误码：106和期望的错误码107不符
2015-04-26 21:55:42,547 - E:\workspace\sms-demo\src\httpMonitor.py - httpMonitor.py - [line:40] - ERROR - 访问异常,访问返回错误码：106和期望的错误码107不符
2015-04-26 21:55:47,641 - E:\workspace\sms-demo\src\httpMonitor.py - httpMonitor.py - [line:40] - ERROR - 访问异常,访问返回错误码：106和期望的错误码107不符
2015-04-26 21:55:52,734 - E:\workspace\sms-demo\src\httpMonitor.py - httpMonitor.py - [line:40] - ERROR - 访问异常,访问返回错误码：106和期望的错误码107不符
2015-04-26 21:55:57,812 - E:\workspace\sms-demo\src\httpMonitor.py - httpMonitor.py - [line:40] - ERROR - 访问异常,访问返回错误码：106和期望的错误码107不符
2015-04-26 21:56:03,094 - E:\workspace\sms-demo\src\httpMonitor.py - httpMonitor.py - [line:40] - ERROR - 访问异常,访问返回错误码：106和期望的错误码107不符
2015-04-26 21:56:08,187 - E:\workspace\sms-demo\src\httpMonitor.py - httpMonitor.py - [line:40] - ERROR - 访问异常,访问返回错误码：106和期望的错误码107不符
2015-04-26 21:56:13,265 - E:\workspace\sms-demo\src\httpMonitor.py - httpMonitor.py - [line:40] - ERROR - 访问异常,访问返回错误码：106和期望的错误码107不符
2015-04-26 21:56:18,359 - E:\workspace\sms-demo\src\httpMonitor.py - httpMonitor.py - [line:40] - ERROR - 访问异常,访问返回错误码：106和期望的错误码107不符
2015-04-26 21:56:23,453 - E:\workspace\sms-demo\src\httpMonitor.py - httpMonitor.py - [line:40] - ERROR - 访问异常,访问返回错误码：106和期望的错误码107不符
2015-04-26 21:56:28,531 - E:\workspace\sms-demo\src\httpMonitor.py - httpMonitor.py - [line:40] - ERROR - 访问异常,访问返回错误码：106和期望的错误码107不符
2015-04-26 21:56:33,625 - E:\workspace\sms-demo\src\httpMonitor.py - httpMonitor.py - [line:40] - ERROR - 访问异常,访问返回错误码：106和期望的错误码107不符
2015-04-26 21:56:38,703 - E:\workspace\sms-demo\src\httpMonitor.py - httpMonitor.py - [line:40] - ERROR - 访问异常,访问返回错误码：106和期望的错误码107不符
2015-04-26 21:56:44,000 - E:\workspace\sms-demo\src\httpMonitor.py - httpMonitor.py - [line:40] - ERROR - 访问异常,访问返回错误码：106和期望的错误码107不符
2015-04-26 21:56:49,078 - E:\workspace\sms-demo\src\httpMonitor.py - httpMonitor.py - [line:40] - ERROR - 访问异常,访问返回错误码：106和期望的错误码107不符
2015-04-26 21:56:54,171 - E:\workspace\sms-demo\src\httpMonitor.py - httpMonitor.py - [line:40] - ERROR - 访问异常,访问返回错误码：106和期望的错误码107不符
2015-04-26 21:56:59,265 - E:\workspace\sms-demo\src\httpMonitor.py - httpMonitor.py - [line:40] - ERROR - 访问异常,访问返回错误码：106和期望的错误码107不符
2015-04-26 21:57:04,359 - E:\workspace\sms-demo\src\httpMonitor.py - httpMonitor.py - [line:40] - ERROR - 访问异常,访问返回错误码：106和期望的错误码107不符
2015-04-26 21:57:09,437 - E:\workspace\sms-demo\src\httpMonitor.py - httpMonitor.py - [line:40] - ERROR - 访问异常,访问返回错误码：106和期望的错误码107不符
2015-04-26 21:57:14,796 - E:\workspace\sms-demo\src\httpMonitor.py - httpMonitor.py - [line:40] - ERROR - 访问异常,访问返回错误码：106和期望的错误码107不符
2015-04-26 21:57:19,890 - E:\workspace\sms-demo\src\httpMonitor.py - httpMonitor.py - [line:40] - ERROR - 访问异常,访问返回错误码：106和期望的错误码107不符
2015-04-26 21:57:24,984 - E:\workspace\sms-demo\src\httpMonitor.py - httpMonitor.py - [line:40] - ERROR - 访问异常,访问返回错误码：106和期望的错误码107不符
2015-04-26 21:57:30,062 - E:\workspace\sms-demo\src\httpMonitor.py - httpMonitor.py - [line:40] - ERROR - 访问异常,访问返回错误码：106和期望的错误码107不符
2015-04-26 21:57:35,155 - E:\workspace\sms-demo\src\httpMonitor.py - httpMonitor.py - [line:40] - ERROR - 访问异常,访问返回错误码：106和期望的错误码107不符
2015-04-26 21:57:40,249 - E:\workspace\sms-demo\src\httpMonitor.py - httpMonitor.py - [line:40] - ERROR - 访问异常,访问返回错误码：106和期望的错误码107不符
2015-04-26 21:57:45,327 - E:\workspace\sms-demo\src\httpMonitor.py - httpMonitor.py - [line:40] - ERROR - 访问异常,访问返回错误码：106和期望的错误码107不符
2015-04-26 21:57:50,421 - E:\workspace\sms-demo\src\httpMonitor.py - httpMonitor.py - [line:40] - ERROR - 访问异常,访问返回错误码：106和期望的错误码107不符
2015-04-26 21:57:55,499 - E:\workspace\sms-demo\src\httpMonitor.py - httpMonitor.py - [line:40] - ERROR - 访问异常,访问返回错误码：106和期望的错误码107不符
2015-04-26 21:58:00,593 - E:\workspace\sms-demo\src\httpMonitor.py - httpMonitor.py - [line:40] - ERROR - 访问异常,访问返回错误码：106和期望的错误码107不符
2015-04-26 21:58:05,687 - E:\workspace\sms-demo\src\httpMonitor.py - httpMonitor.py - [line:40] - ERROR - 访问异常,访问返回错误码：106和期望的错误码107不符
2015-04-26 21:58:10,780 - E:\workspace\sms-demo\src\httpMonitor.py - httpMonitor.py - [line:40] - ERROR - 访问异常,访问返回错误码：106和期望的错误码107不符
2015-04-26 21:58:16,171 - E:\workspace\sms-demo\src\httpMonitor.py - httpMonitor.py - [line:40] - ERROR - 访问异常,访问返回错误码：106和期望的错误码107不符
2015-04-26 21:58:21,265 - E:\workspace\sms-demo\src\httpMonitor.py - httpMonitor.py - [line:40] - ERROR - 访问异常,访问返回错误码：106和期望的错误码107不符
2015-04-26 21:58:26,358 - E:\workspace\sms-demo\src\httpMonitor.py - httpMonitor.py - [line:40] - ERROR - 访问异常,访问返回错误码：106和期望的错误码107不符
2015-04-26 21:58:31,452 - E:\workspace\sms-demo\src\httpMonitor.py - httpMonitor.py - [line:40] - ERROR - 访问异常,访问返回错误码：106和期望的错误码107不符
2015-04-26 21:58:36,530 - E:\workspace\sms-demo\src\httpMonitor.py - httpMonitor.py - [line:40] - ERROR - 访问异常,访问返回错误码：106和期望的错误码107不符
2015-04-26 21:58:42,046 - E:\workspace\sms-demo\src\httpMonitor.py - httpMonitor.py - [line:40] - ERROR - 访问异常,访问返回错误码：106和期望的错误码107不符
2015-04-26 21:58:47,155 - E:\workspace\sms-demo\src\httpMonitor.py - httpMonitor.py - [line:40] - ERROR - 访问异常,访问返回错误码：106和期望的错误码107不符
2015-04-26 21:58:52,249 - E:\workspace\sms-demo\src\httpMonitor.py - httpMonitor.py - [line:40] - ERROR - 访问异常,访问返回错误码：106和期望的错误码107不符
2015-04-26 21:58:57,327 - E:\workspace\sms-demo\src\httpMonitor.py - httpMonitor.py - [line:40] - ERROR - 访问异常,访问返回错误码：106和期望的错误码107不符
2015-04-26 21:59:02,421 - E:\workspace\sms-demo\src\httpMonitor.py - httpMonitor.py - [line:40] - ERROR - 访问异常,访问返回错误码：106和期望的错误码107不符
2015-04-26 21:59:07,499 - E:\workspace\sms-demo\src\httpMonitor.py - httpMonitor.py - [line:40] - ERROR - 访问异常,访问返回错误码：106和期望的错误码107不符
2015-04-26 21:59:12,592 - E:\workspace\sms-demo\src\httpMonitor.py - httpMonitor.py - [line:40] - ERROR - 访问异常,访问返回错误码：106和期望的错误码107不符
2015-04-26 21:59:17,967 - E:\workspace\sms-demo\src\httpMonitor.py - httpMonitor.py - [line:40] - ERROR - 访问异常,访问返回错误码：106和期望的错误码107不符
2015-04-26 21:59:23,061 - E:\workspace\sms-demo\src\httpMonitor.py - httpMonitor.py - [line:40] - ERROR - 访问异常,访问返回错误码：106和期望的错误码107不符
2015-04-26 21:59:28,624 - E:\workspace\sms-demo\src\httpMonitor.py - httpMonitor.py - [line:40] - ERROR - 访问异常,访问返回错误码：106和期望的错误码107不符
2015-04-26 21:59:33,702 - E:\workspace\sms-demo\src\httpMonitor.py - httpMonitor.py - [line:40] - ERROR - 访问异常,访问返回错误码：106和期望的错误码107不符
2015-04-26 21:59:38,795 - E:\workspace\sms-demo\src\httpMonitor.py - httpMonitor.py - [line:40] - ERROR - 访问异常,访问返回错误码：106和期望的错误码107不符
2015-04-26 21:59:43,889 - E:\workspace\sms-demo\src\httpMonitor.py - httpMonitor.py - [line:40] - ERROR - 访问异常,访问返回错误码：106和期望的错误码107不符
2015-04-26 21:59:48,983 - E:\workspace\sms-demo\src\httpMonitor.py - httpMonitor.py - [line:40] - ERROR - 访问异常,访问返回错误码：106和期望的错误码107不符
2015-04-26 21:59:54,061 - E:\workspace\sms-demo\src\httpMonitor.py - httpMonitor.py - [line:40] - ERROR - 访问异常,访问返回错误码：106和期望的错误码107不符
2015-04-26 21:59:59,155 - E:\workspace\sms-demo\src\httpMonitor.py - httpMonitor.py - [line:40] - ERROR - 访问异常,访问返回错误码：106和期望的错误码107不符
2015-04-26 22:00:04,233 - E:\workspace\sms-demo\src\httpMonitor.py - httpMonitor.py - [line:40] - ERROR - 访问异常,访问返回错误码：106和期望的错误码107不符
2015-04-26 22:00:09,342 - E:\workspace\sms-demo\src\httpMonitor.py - httpMonitor.py - [line:40] - ERROR - 访问异常,访问返回错误码：106和期望的错误码107不符
2015-04-26 22:00:14,420 - E:\workspace\sms-demo\src\httpMonitor.py - httpMonitor.py - [line:40] - ERROR - 访问异常,访问返回错误码：106和期望的错误码107不符
2015-04-26 22:00:19,514 - E:\workspace\sms-demo\src\httpMonitor.py - httpMonitor.py - [line:40] - ERROR - 访问异常,访问返回错误码：106和期望的错误码107不符
2015-04-26 22:00:24,608 - E:\workspace\sms-demo\src\httpMonitor.py - httpMonitor.py - [line:40] - ERROR - 访问异常,访问返回错误码：106和期望的错误码107不符
2015-04-26 22:00:29,686 - E:\workspace\sms-demo\src\httpMonitor.py - httpMonitor.py - [line:40] - ERROR - 访问异常,访问返回错误码：106和期望的错误码107不符
2015-04-26 22:00:34,779 - E:\workspace\sms-demo\src\httpMonitor.py - httpMonitor.py - [line:40] - ERROR - 访问异常,访问返回错误码：106和期望的错误码107不符
2015-04-26 22:00:39,873 - E:\workspace\sms-demo\src\httpMonitor.py - httpMonitor.py - [line:40] - ERROR - 访问异常,访问返回错误码：106和期望的错误码107不符
2015-04-26 22:00:44,951 - E:\workspace\sms-demo\src\httpMonitor.py - httpMonitor.py - [line:40] - ERROR - 访问异常,访问返回错误码：106和期望的错误码107不符
2015-04-26 22:00:50,045 - E:\workspace\sms-demo\src\httpMonitor.py - httpMonitor.py - [line:40] - ERROR - 访问异常,访问返回错误码：106和期望的错误码107不符
2015-04-26 22:00:55,123 - E:\workspace\sms-demo\src\httpMonitor.py - httpMonitor.py - [line:40] - ERROR - 访问异常,访问返回错误码：106和期望的错误码107不符
2015-04-26 22:01:00,217 - E:\workspace\sms-demo\src\httpMonitor.py - httpMonitor.py - [line:40] - ERROR - 访问异常,访问返回错误码：106和期望的错误码107不符
2015-04-26 22:01:05,295 - E:\workspace\sms-demo\src\httpMonitor.py - httpMonitor.py - [line:40] - ERROR - 访问异常,访问返回错误码：106和期望的错误码107不符
2015-04-26 22:01:10,388 - E:\workspace\sms-demo\src\httpMonitor.py - httpMonitor.py - [line:40] - ERROR - 访问异常,访问返回错误码：106和期望的错误码107不符
2015-04-26 22:01:15,482 - E:\workspace\sms-demo\src\httpMonitor.py - httpMonitor.py - [line:40] - ERROR - 访问异常,访问返回错误码：106和期望的错误码107不符
2015-04-26 22:01:20,560 - E:\workspace\sms-demo\src\httpMonitor.py - httpMonitor.py - [line:40] - ERROR - 访问异常,访问返回错误码：106和期望的错误码107不符
2015-04-26 22:01:25,654 - E:\workspace\sms-demo\src\httpMonitor.py - httpMonitor.py - [line:40] - ERROR - 访问异常,访问返回错误码：106和期望的错误码107不符
2015-04-26 22:01:30,732 - E:\workspace\sms-demo\src\httpMonitor.py - httpMonitor.py - [line:40] - ERROR - 访问异常,访问返回错误码：106和期望的错误码107不符
2015-04-26 22:01:35,826 - E:\workspace\sms-demo\src\httpMonitor.py - httpMonitor.py - [line:40] - ERROR - 访问异常,访问返回错误码：106和期望的错误码107不符
2015-04-26 22:01:40,920 - E:\workspace\sms-demo\src\httpMonitor.py - httpMonitor.py - [line:40] - ERROR - 访问异常,访问返回错误码：106和期望的错误码107不符
2015-04-26 22:01:45,998 - E:\workspace\sms-demo\src\httpMonitor.py - httpMonitor.py - [line:40] - ERROR - 访问异常,访问返回错误码：106和期望的错误码107不符
2015-04-26 22:01:51,076 - E:\workspace\sms-demo\src\httpMonitor.py - httpMonitor.py - [line:40] - ERROR - 访问异常,访问返回错误码：106和期望的错误码107不符
2015-04-26 22:01:56,185 - E:\workspace\sms-demo\src\httpMonitor.py - httpMonitor.py - [line:40] - ERROR - 访问异常,访问返回错误码：106和期望的错误码107不符
2015-04-26 22:02:01,279 - E:\workspace\sms-demo\src\httpMonitor.py - httpMonitor.py - [line:40] - ERROR - 访问异常,访问返回错误码：106和期望的错误码107不符
2015-04-26 22:02:06,373 - E:\workspace\sms-demo\src\httpMonitor.py - httpMonitor.py - [line:40] - ERROR - 访问异常,访问返回错误码：106和期望的错误码107不符
2015-04-26 22:02:11,451 - E:\workspace\sms-demo\src\httpMonitor.py - httpMonitor.py - [line:40] - ERROR - 访问异常,访问返回错误码：106和期望的错误码107不符
2015-04-26 22:02:16,622 - E:\workspace\sms-demo\src\httpMonitor.py - httpMonitor.py - [line:40] - ERROR - 访问异常,访问返回错误码：106和期望的错误码107不符
2015-04-26 22:02:21,701 - E:\workspace\sms-demo\src\httpMonitor.py - httpMonitor.py - [line:40] - ERROR - 访问异常,访问返回错误码：106和期望的错误码107不符
2015-04-26 22:02:26,794 - E:\workspace\sms-demo\src\httpMonitor.py - httpMonitor.py - [line:40] - ERROR - 访问异常,访问返回错误码：106和期望的错误码107不符
2015-04-26 22:02:31,872 - E:\workspace\sms-demo\src\httpMonitor.py - httpMonitor.py - [line:40] - ERROR - 访问异常,访问返回错误码：106和期望的错误码107不符
2015-04-26 22:02:36,966 - E:\workspace\sms-demo\src\httpMonitor.py - httpMonitor.py - [line:40] - ERROR - 访问异常,访问返回错误码：106和期望的错误码107不符
2015-04-26 22:02:42,044 - E:\workspace\sms-demo\src\httpMonitor.py - httpMonitor.py - [line:40] - ERROR - 访问异常,访问返回错误码：106和期望的错误码107不符
2015-04-26 22:02:47,138 - E:\workspace\sms-demo\src\httpMonitor.py - httpMonitor.py - [line:40] - ERROR - 访问异常,访问返回错误码：106和期望的错误码107不符
2015-04-26 22:02:52,216 - E:\workspace\sms-demo\src\httpMonitor.py - httpMonitor.py - [line:40] - ERROR - 访问异常,访问返回错误码：106和期望的错误码107不符
2015-04-26 22:02:57,310 - E:\workspace\sms-demo\src\httpMonitor.py - httpMonitor.py - [line:40] - ERROR - 访问异常,访问返回错误码：106和期望的错误码107不符
2015-04-26 22:03:02,388 - E:\workspace\sms-demo\src\httpMonitor.py - httpMonitor.py - [line:40] - ERROR - 访问异常,访问返回错误码：106和期望的错误码107不符
2015-04-26 22:03:07,481 - E:\workspace\sms-demo\src\httpMonitor.py - httpMonitor.py - [line:40] - ERROR - 访问异常,访问返回错误码：106和期望的错误码107不符
2015-04-26 22:03:12,575 - E:\workspace\sms-demo\src\httpMonitor.py - httpMonitor.py - [line:40] - ERROR - 访问异常,访问返回错误码：106和期望的错误码107不符
2015-04-26 22:03:17,669 - E:\workspace\sms-demo\src\httpMonitor.py - httpMonitor.py - [line:40] - ERROR - 访问异常,访问返回错误码：106和期望的错误码107不符
2015-04-26 22:03:22,778 - E:\workspace\sms-demo\src\httpMonitor.py - httpMonitor.py - [line:40] - ERROR - 访问异常,访问返回错误码：106和期望的错误码107不符
2015-04-26 22:03:27,872 - E:\workspace\sms-demo\src\httpMonitor.py - httpMonitor.py - [line:40] - ERROR - 访问异常,访问返回错误码：106和期望的错误码107不符
2015-04-26 22:03:32,966 - E:\workspace\sms-demo\src\httpMonitor.py - httpMonitor.py - [line:40] - ERROR - 访问异常,访问返回错误码：106和期望的错误码107不符
2015-04-26 22:10:18,432 - E:\workspace\sms-demo\src\httpMonitor.py - httpMonitor.py - [line:40] - ERROR - 访问异常，Can't convert 'float' object to str implicitly
2015-04-26 22:11:01,182 - E:\workspace\sms-demo\src\httpMonitor.py - httpMonitor.py - [line:40] - ERROR - 访问异常，Can't convert 'float' object to str implicitly
2015-04-26 22:11:46,400 - E:\workspace\sms-demo\src\httpMonitor.py - httpMonitor.py - [line:40] - ERROR - 访问异常，'str' object has no attribute 'decode'
2015-04-26 22:17:53,351 - E:\workspace\sms-demo\src\httpMonitor.py - httpMonitor.py - [line:40] - ERROR - 访问异常，Can't convert 'float' object to str implicitly
2015-04-26 22:20:05,756 - E:\workspace\sms-demo\src\httpMonitor.py - httpMonitor.py - [line:40] - ERROR - 访问异常，Can't convert 'float' object to str implicitly
2015-04-26 22:21:24,928 - E:\workspace\sms-demo\src\httpMonitor.py - httpMonitor.py - [line:40] - ERROR - 访问异常,访问返回错误码：106和期望的错误码106不符
2015-04-26 22:21:30,021 - E:\workspace\sms-demo\src\httpMonitor.py - httpMonitor.py - [line:40] - ERROR - 访问异常,访问返回错误码：106和期望的错误码106不符
2015-04-26 22:21:35,115 - E:\workspace\sms-demo\src\httpMonitor.py - httpMonitor.py - [line:40] - ERROR - 访问异常,访问返回错误码：106和期望的错误码106不符
2015-04-26 22:21:40,193 - E:\workspace\sms-demo\src\httpMonitor.py - httpMonitor.py - [line:40] - ERROR - 访问异常,访问返回错误码：106和期望的错误码106不符
2015-04-26 22:21:45,287 - E:\workspace\sms-demo\src\httpMonitor.py - httpMonitor.py - [line:40] - ERROR - 访问异常,访问返回错误码：106和期望的错误码106不符
2015-04-26 22:21:50,381 - E:\workspace\sms-demo\src\httpMonitor.py - httpMonitor.py - [line:40] - ERROR - 访问异常,访问返回错误码：106和期望的错误码106不符
2015-04-26 22:21:55,459 - E:\workspace\sms-demo\src\httpMonitor.py - httpMonitor.py - [line:40] - ERROR - 访问异常,访问返回错误码：106和期望的错误码106不符
2015-04-26 22:22:00,552 - E:\workspace\sms-demo\src\httpMonitor.py - httpMonitor.py - [line:40] - ERROR - 访问异常,访问返回错误码：106和期望的错误码106不符
2015-04-26 22:22:06,037 - E:\workspace\sms-demo\src\httpMonitor.py - httpMonitor.py - [line:40] - ERROR - 访问异常,访问返回错误码：106和期望的错误码106不符
2015-04-26 22:22:11,115 - E:\workspace\sms-demo\src\httpMonitor.py - httpMonitor.py - [line:40] - ERROR - 访问异常,访问返回错误码：106和期望的错误码106不符
2015-04-26 22:22:16,209 - E:\workspace\sms-demo\src\httpMonitor.py - httpMonitor.py - [line:40] - ERROR - 访问异常,访问返回错误码：106和期望的错误码106不符
2015-04-26 22:22:21,302 - E:\workspace\sms-demo\src\httpMonitor.py - httpMonitor.py - [line:40] - ERROR - 访问异常,访问返回错误码：106和期望的错误码106不符
2015-04-26 22:22:26,380 - E:\workspace\sms-demo\src\httpMonitor.py - httpMonitor.py - [line:40] - ERROR - 访问异常,访问返回错误码：106和期望的错误码106不符
2015-04-26 22:22:31,474 - E:\workspace\sms-demo\src\httpMonitor.py - httpMonitor.py - [line:40] - ERROR - 访问异常,访问返回错误码：106和期望的错误码106不符
2015-04-26 22:22:36,552 - E:\workspace\sms-demo\src\httpMonitor.py - httpMonitor.py - [line:40] - ERROR - 访问异常,访问返回错误码：106和期望的错误码106不符
2015-04-26 22:25:29,598 - E:\workspace\sms-demo\src\httpMonitor.py - httpMonitor.py - [line:40] - ERROR - 访问异常,访问返回错误码：106和期望的错误码106不符
2015-04-26 22:25:34,676 - E:\workspace\sms-demo\src\httpMonitor.py - httpMonitor.py - [line:40] - ERROR - 访问异常,访问返回错误码：106和期望的错误码106不符
2015-04-26 22:25:39,770 - E:\workspace\sms-demo\src\httpMonitor.py - httpMonitor.py - [line:40] - ERROR - 访问异常,访问返回错误码：106和期望的错误码106不符
2015-04-26 22:25:57,973 - E:\workspace\sms-demo\src\httpMonitor.py - httpMonitor.py - [line:40] - ERROR - 访问异常，Can't convert 'float' object to str implicitly
2015-04-26 22:27:20,300 - E:\workspace\sms-demo\src\httpMonitor.py - httpMonitor.py - [line:40] - ERROR - 访问异常，Can't convert 'float' object to str implicitly
2015-04-26 22:27:48,535 - E:\workspace\sms-demo\src\httpMonitor.py - httpMonitor.py - [line:40] - ERROR - 访问异常，Can't convert 'type' object to str implicitly
2015-04-26 22:28:00,331 - E:\workspace\sms-demo\src\httpMonitor.py - httpMonitor.py - [line:40] - ERROR - 访问异常，Can't convert 'type' object to str implicitly
2015-04-26 22:28:25,784 - E:\workspace\sms-demo\src\httpMonitor.py - httpMonitor.py - [line:40] - ERROR - 访问异常,访问返回错误码：106和期望的错误码106不符
2015-04-26 22:28:30,862 - E:\workspace\sms-demo\src\httpMonitor.py - httpMonitor.py - [line:40] - ERROR - 访问异常,访问返回错误码：106和期望的错误码106不符
2015-04-26 22:28:35,956 - E:\workspace\sms-demo\src\httpMonitor.py - httpMonitor.py - [line:40] - ERROR - 访问异常,访问返回错误码：106和期望的错误码106不符
2015-04-26 22:28:41,034 - E:\workspace\sms-demo\src\httpMonitor.py - httpMonitor.py - [line:40] - ERROR - 访问异常,访问返回错误码：106和期望的错误码106不符
2015-04-26 22:28:46,128 - E:\workspace\sms-demo\src\httpMonitor.py - httpMonitor.py - [line:40] - ERROR - 访问异常,访问返回错误码：106和期望的错误码106不符
2015-04-26 22:28:51,222 - E:\workspace\sms-demo\src\httpMonitor.py - httpMonitor.py - [line:40] - ERROR - 访问异常,访问返回错误码：106和期望的错误码106不符
2015-04-26 22:28:56,315 - E:\workspace\sms-demo\src\httpMonitor.py - httpMonitor.py - [line:40] - ERROR - 访问异常,访问返回错误码：106和期望的错误码106不符
2015-04-26 22:29:01,393 - E:\workspace\sms-demo\src\httpMonitor.py - httpMonitor.py - [line:40] - ERROR - 访问异常,访问返回错误码：106和期望的错误码106不符
2015-04-26 22:29:06,487 - E:\workspace\sms-demo\src\httpMonitor.py - httpMonitor.py - [line:40] - ERROR - 访问异常,访问返回错误码：106和期望的错误码106不符
2015-04-26 22:29:11,581 - E:\workspace\sms-demo\src\httpMonitor.py - httpMonitor.py - [line:40] - ERROR - 访问异常,访问返回错误码：106和期望的错误码106不符
2015-04-26 22:29:15,315 - E:\workspace\sms-demo\src\httpMonitor.py - httpMonitor.py - [line:40] - ERROR - 访问异常,访问返回错误码：106和期望的错误码106不符
2015-04-26 22:29:16,659 - E:\workspace\sms-demo\src\httpMonitor.py - httpMonitor.py - [line:40] - ERROR - 访问异常,访问返回错误码：106和期望的错误码106不符
2015-04-26 22:29:26,784 - E:\workspace\sms-demo\src\httpMonitor.py - httpMonitor.py - [line:40] - ERROR - 访问异常,访问返回错误码：106和期望的错误码106不符
2015-04-26 22:29:31,878 - E:\workspace\sms-demo\src\httpMonitor.py - httpMonitor.py - [line:40] - ERROR - 访问异常,访问返回错误码：106和期望的错误码106不符
2015-04-26 22:29:36,971 - E:\workspace\sms-demo\src\httpMonitor.py - httpMonitor.py - [line:40] - ERROR - 访问异常,访问返回错误码：106和期望的错误码106不符
2015-04-26 22:29:42,049 - E:\workspace\sms-demo\src\httpMonitor.py - httpMonitor.py - [line:40] - ERROR - 访问异常,访问返回错误码：106和期望的错误码106不符
2015-04-26 22:29:47,143 - E:\workspace\sms-demo\src\httpMonitor.py - httpMonitor.py - [line:40] - ERROR - 访问异常,访问返回错误码：106和期望的错误码106不符
2015-04-26 22:29:52,237 - E:\workspace\sms-demo\src\httpMonitor.py - httpMonitor.py - [line:40] - ERROR - 访问异常,访问返回错误码：106和期望的错误码106不符
2015-04-26 22:29:57,331 - E:\workspace\sms-demo\src\httpMonitor.py - httpMonitor.py - [line:40] - ERROR - 访问异常,访问返回错误码：106和期望的错误码106不符
2015-04-26 22:30:02,409 - E:\workspace\sms-demo\src\httpMonitor.py - httpMonitor.py - [line:40] - ERROR - 访问异常,访问返回错误码：106和期望的错误码106不符
2015-04-26 22:30:07,502 - E:\workspace\sms-demo\src\httpMonitor.py - httpMonitor.py - [line:40] - ERROR - 访问异常,访问返回错误码：106和期望的错误码106不符
2015-04-26 22:30:12,596 - E:\workspace\sms-demo\src\httpMonitor.py - httpMonitor.py - [line:40] - ERROR - 访问异常,访问返回错误码：106和期望的错误码106不符
2015-04-26 22:30:17,674 - E:\workspace\sms-demo\src\httpMonitor.py - httpMonitor.py - [line:40] - ERROR - 访问异常,访问返回错误码：106和期望的错误码106不符
2015-04-26 22:30:22,768 - E:\workspace\sms-demo\src\httpMonitor.py - httpMonitor.py - [line:40] - ERROR - 访问异常,访问返回错误码：106和期望的错误码106不符
2015-04-26 22:30:27,877 - E:\workspace\sms-demo\src\httpMonitor.py - httpMonitor.py - [line:40] - ERROR - 访问异常,访问返回错误码：106和期望的错误码106不符
2015-04-26 22:30:32,955 - E:\workspace\sms-demo\src\httpMonitor.py - httpMonitor.py - [line:40] - ERROR - 访问异常,访问返回错误码：106和期望的错误码106不符
2015-04-26 22:30:38,049 - E:\workspace\sms-demo\src\httpMonitor.py - httpMonitor.py - [line:40] - ERROR - 访问异常,访问返回错误码：106和期望的错误码106不符
2015-04-26 22:30:43,143 - E:\workspace\sms-demo\src\httpMonitor.py - httpMonitor.py - [line:40] - ERROR - 访问异常,访问返回错误码：106和期望的错误码106不符
2015-04-26 22:30:48,221 - E:\workspace\sms-demo\src\httpMonitor.py - httpMonitor.py - [line:40] - ERROR - 访问异常,访问返回错误码：106和期望的错误码106不符
2015-04-26 22:30:53,315 - E:\workspace\sms-demo\src\httpMonitor.py - httpMonitor.py - [line:40] - ERROR - 访问异常,访问返回错误码：106和期望的错误码106不符
2015-04-26 22:30:58,408 - E:\workspace\sms-demo\src\httpMonitor.py - httpMonitor.py - [line:40] - ERROR - 访问异常,访问返回错误码：106和期望的错误码106不符
2015-04-26 22:31:03,502 - E:\workspace\sms-demo\src\httpMonitor.py - httpMonitor.py - [line:40] - ERROR - 访问异常,访问返回错误码：106和期望的错误码106不符
2015-04-26 22:31:08,596 - E:\workspace\sms-demo\src\httpMonitor.py - httpMonitor.py - [line:40] - ERROR - 访问异常,访问返回错误码：106和期望的错误码106不符
2015-04-26 22:31:39,830 - E:\workspace\sms-demo\src\httpMonitor.py - httpMonitor.py - [line:40] - ERROR - 访问异常，Can't convert 'float' object to str implicitly
2015-04-26 22:33:16,611 - E:\workspace\sms-demo\src\httpMonitor.py - httpMonitor.py - [line:40] - ERROR - 访问异常,访问返回错误码：106和期望的错误码106不符
2015-04-26 22:33:21,689 - E:\workspace\sms-demo\src\httpMonitor.py - httpMonitor.py - [line:40] - ERROR - 访问异常,访问返回错误码：106和期望的错误码106不符
2015-04-26 22:33:26,798 - E:\workspace\sms-demo\src\httpMonitor.py - httpMonitor.py - [line:40] - ERROR - 访问异常,访问返回错误码：106和期望的错误码106不符
2015-04-26 22:33:31,876 - E:\workspace\sms-demo\src\httpMonitor.py - httpMonitor.py - [line:40] - ERROR - 访问异常,访问返回错误码：106和期望的错误码106不符
2015-04-26 22:33:36,970 - E:\workspace\sms-demo\src\httpMonitor.py - httpMonitor.py - [line:40] - ERROR - 访问异常,访问返回错误码：106和期望的错误码106不符
2015-04-26 22:33:42,048 - E:\workspace\sms-demo\src\httpMonitor.py - httpMonitor.py - [line:40] - ERROR - 访问异常,访问返回错误码：106和期望的错误码106不符
2015-04-26 22:36:14,688 - E:\workspace\sms-demo\src\httpMonitor.py - httpMonitor.py - [line:40] - ERROR - 访问异常，'str' object has no attribute 'equals'
2015-04-26 22:36:24,125 - E:\workspace\sms-demo\src\httpMonitor.py - httpMonitor.py - [line:40] - ERROR - 访问异常，'str' object has no attribute 'equals'
2015-04-26 22:37:09,734 - E:\workspace\sms-demo\src\httpMonitor.py - httpMonitor.py - [line:40] - ERROR - 访问异常，'str' object has no attribute 'equals'
2015-04-26 22:39:02,718 - E:\workspace\sms-demo\src\httpMonitor.py - httpMonitor.py - [line:40] - ERROR - 访问异常，Can't convert 'float' object to str implicitly
2015-04-26 22:39:31,093 - E:\workspace\sms-demo\src\httpMonitor.py - httpMonitor.py - [line:40] - ERROR - 访问异常，Can't convert 'float' object to str implicitly
2015-04-26 22:40:15,952 - E:\workspace\sms-demo\src\httpMonitor.py - httpMonitor.py - [line:40] - ERROR - 访问异常，InfoLog() takes 1 positional argument but 2 were given
2015-04-26 22:40:44,295 - E:\workspace\sms-demo\src\httpMonitor.py - httpMonitor.py - [line:40] - ERROR - 访问异常，InfoLog() takes 1 positional argument but 2 were given
2015-04-26 22:41:52,498 - E:\workspace\sms-demo\src\httpMonitor.py - httpMonitor.py - [line:40] - ERROR - 访问异常，InfoLog() takes 1 positional argument but 2 were given
2015-04-26 22:43:24,325 - E:\workspace\sms-demo\src\httpMonitor.py - httpMonitor.py - [line:40] - ERROR - 访问异常，InfoLog() takes 1 positional argument but 2 were given
2015-04-26 22:44:29,434 - E:\workspace\sms-demo\src\httpMonitor.py - httpMonitor.py - [line:40] - ERROR - 访问异常，InfoLog() takes 1 positional argument but 2 were given
2015-04-26 22:46:31,965 - E:\workspace\sms-demo\src\httpMonitor.py - httpMonitor.py - [line:40] - ERROR - 访问异常，InfoLog() takes 1 positional argument but 2 were given
2015-04-26 22:47:12,058 - E:\workspace\sms-demo\src\httpMonitor.py - httpMonitor.py - [line:40] - ERROR - 访问异常，InfoLog() takes 1 positional argument but 3 were given
2015-06-27 11:59:17,790 - E:\workspace\sms-demo\src\httpMonitor.py - httpMonitor.py - [line:42] - ERROR - http://flow.hbsmservice.com:8080/flow_interface/cClientFlowOrderInfo.do?访问异常,访问返回错误码：{"code":"0002","msgId":"123456","result":"用户名:参数名为空或错误;参数值为空或不存在"}和期望的错误码{"code":"0002","msgId":"123456","result":"xe7x94xa不符
2015-06-27 11:59:19,056 - E:\workspace\sms-demo\src\httpMonitor.py - httpMonitor.py - [line:42] - ERROR - http://flow.hbsmservice.com:8080/flow_interface/cClientFlowOrderInfo.do?访问异常,访问返回错误码：{"code":"0002","msgId":"123456","result":"用户名:参数名为空或错误;参数值为空或不存在"}和期望的错误码{"code":"0002","msgId":"123456","result":"xe7x94xa不符
2015-06-27 11:59:21,072 - E:\workspace\sms-demo\src\httpMonitor.py - httpMonitor.py - [line:42] - ERROR - http://flow.hbsmservice.com:8080/flow_interface/cClientFlowOrderInfo.do?访问异常,访问返回错误码：{"code":"0002","msgId":"123456","result":"用户名:参数名为空或错误;参数值为空或不存在"}和期望的错误码{"code":"0002","msgId":"123456","result":"xe7x94xa不符
2015-06-27 11:59:23,056 - E:\workspace\sms-demo\src\httpMonitor.py - httpMonitor.py - [line:42] - ERROR - http://flow.hbsmservice.com:8080/flow_interface/cClientFlowOrderInfo.do?访问异常,访问返回错误码：{"code":"0002","msgId":"123456","result":"用户名:参数名为空或错误;参数值为空或不存在"}和期望的错误码{"code":"0002","msgId":"123456","result":"xe7x94xa不符
2015-06-27 11:59:25,057 - E:\workspace\sms-demo\src\httpMonitor.py - httpMonitor.py - [line:42] - ERROR - http://flow.hbsmservice.com:8080/flow_interface/cClientFlowOrderInfo.do?访问异常,访问返回错误码：{"code":"0002","msgId":"123456","result":"用户名:参数名为空或错误;参数值为空或不存在"}和期望的错误码{"code":"0002","msgId":"123456","result":"xe7x94xa不符
